<?xml version="1.0" encoding="UTF-8"?>
<testng-results ignored="0" total="1" passed="1" failed="0" skipped="0">
  <reporter-output>
  </reporter-output>
  <suite started-at="2023-04-26T12:36:52 IST" name="Default suite" finished-at="2023-04-26T12:37:07 IST" duration-ms="14978">
    <groups>
    </groups>
    <test started-at="2023-04-26T12:36:52 IST" name="Default test" finished-at="2023-04-26T12:37:07 IST" duration-ms="14978">
      <class name="testscript.Login_Script">
        <test-method is-config="true" signature="openApp()[pri:0, instance:testscript.Login_Script@649bec2e]" started-at="2023-04-26T12:36:52 IST" name="openApp" finished-at="2023-04-26T12:37:00 IST" duration-ms="8363" status="PASS">
          <reporter-output>
          </reporter-output>
        </test-method> <!-- openApp -->
        <test-method signature="test1()[pri:0, instance:testscript.Login_Script@649bec2e]" started-at="2023-04-26T12:37:00 IST" name="test1" finished-at="2023-04-26T12:37:06 IST" duration-ms="5474" status="PASS">
          <reporter-output>
          </reporter-output>
        </test-method> <!-- test1 -->
        <test-method is-config="true" signature="closeApp()[pri:0, instance:testscript.Login_Script@649bec2e]" started-at="2023-04-26T12:37:06 IST" name="closeApp" finished-at="2023-04-26T12:37:07 IST" duration-ms="1084" status="PASS">
          <reporter-output>
          </reporter-output>
        </test-method> <!-- closeApp -->
      </class> <!-- testscript.Login_Script -->
    </test> <!-- Default test -->
  </suite> <!-- Default suite -->
</testng-results>
